[2018-04-23T11:40:10.199] [DEBUG] cheese - null
[2018-04-23T11:40:43.066] [DEBUG] cheese - null
[2018-04-23T11:40:43.074] [DEBUG] cheese - null
[2018-04-23T11:41:46.211] [DEBUG] cheese - null
[2018-04-23T11:41:49.085] [DEBUG] cheese - null
[2018-04-23T11:41:49.089] [DEBUG] cheese - null
[2018-04-23T11:42:23.529] [DEBUG] cheese - null
[2018-04-23T11:42:23.536] [DEBUG] cheese - null
[2018-04-23T11:43:06.822] [DEBUG] cheese - null
[2018-04-23T11:43:06.828] [DEBUG] cheese - null
[2018-04-23T11:49:22.142] [DEBUG] cheese - null
[2018-04-23T11:49:22.149] [DEBUG] cheese - null
[2018-04-23T11:53:20.459] [DEBUG] cheese - null
[2018-04-23T11:53:20.477] [DEBUG] cheese - null
[2018-04-23T11:57:06.664] [DEBUG] cheese - null
[2018-04-23T11:57:06.708] [DEBUG] cheese - null
[2018-04-23T11:59:30.322] [DEBUG] cheese - null
[2018-04-23T11:59:30.325] [DEBUG] cheese - null
[2018-04-23T11:59:42.681] [DEBUG] cheese - null
[2018-04-23T11:59:42.686] [DEBUG] cheese - null
[2018-04-23T12:07:43.506] [DEBUG] cheese - null
[2018-04-23T12:07:47.812] [DEBUG] cheese - null
[2018-04-23T12:07:47.815] [DEBUG] cheese - null
[2018-04-23T12:07:52.833] [DEBUG] cheese - null
[2018-04-23T12:07:52.835] [DEBUG] cheese - null
[2018-04-23T12:07:55.679] [DEBUG] cheese - null
[2018-04-23T12:07:55.682] [DEBUG] cheese - null
[2018-04-23T12:14:02.440] [DEBUG] cheese - null
[2018-04-23T12:14:04.885] [DEBUG] cheese - null
[2018-04-23T12:14:04.888] [DEBUG] cheese - null
[2018-04-23T12:58:33.552] [DEBUG] cheese - null
[2018-04-23T12:58:33.562] [DEBUG] cheese - null
[2018-04-23T12:58:53.441] [DEBUG] cheese - null
[2018-04-23T12:58:53.444] [DEBUG] cheese - null
[2018-04-23T13:06:58.179] [DEBUG] cheese - null
[2018-04-23T13:06:58.183] [DEBUG] cheese - null
[2018-04-23T13:09:15.844] [DEBUG] cheese - null
[2018-04-23T13:09:37.130] [DEBUG] cheese - null
[2018-04-23T13:10:44.268] [DEBUG] cheese - null
[2018-04-23T13:11:02.007] [DEBUG] cheese - null
[2018-04-23T13:11:02.013] [DEBUG] cheese - null
[2018-04-23T13:14:24.910] [DEBUG] cheese - null
[2018-04-23T13:14:24.916] [DEBUG] cheese - null
[2018-04-23T13:15:25.446] [DEBUG] cheese - null
[2018-04-23T13:16:01.437] [DEBUG] cheese - null
[2018-04-23T13:16:01.441] [DEBUG] cheese - null
[2018-04-23T13:27:51.693] [DEBUG] cheese - null
[2018-04-23T13:28:27.757] [DEBUG] cheese - null
[2018-04-23T13:28:29.586] [DEBUG] cheese - null
[2018-04-23T13:28:29.589] [DEBUG] cheese - null
[2018-04-23T13:32:25.881] [DEBUG] cheese - null
[2018-04-23T13:32:26.792] [DEBUG] cheese - null
[2018-04-23T13:32:26.797] [DEBUG] cheese - null
[2018-04-23T13:32:53.407] [DEBUG] cheese - null
[2018-04-23T13:33:18.782] [DEBUG] cheese - null
[2018-04-23T13:33:19.645] [DEBUG] cheese - null
[2018-04-23T13:33:19.650] [DEBUG] cheese - null
[2018-04-23T13:33:31.791] [DEBUG] cheese - null
[2018-04-23T13:33:31.796] [DEBUG] cheese - null
[2018-04-23T13:35:09.221] [DEBUG] cheese - null
[2018-04-23T13:35:09.230] [DEBUG] cheese - null
[2018-04-23T13:35:37.586] [DEBUG] cheese - null
[2018-04-23T13:35:37.595] [DEBUG] cheese - null
[2018-04-23T13:41:47.201] [DEBUG] cheese - null
[2018-04-23T13:41:47.210] [DEBUG] cheese - null
[2018-04-23T13:43:00.647] [DEBUG] cheese - null
[2018-04-23T13:43:00.656] [DEBUG] cheese - null
[2018-04-23T13:43:05.907] [DEBUG] cheese - null
[2018-04-23T13:43:08.417] [DEBUG] cheese - null
[2018-04-23T13:43:08.421] [DEBUG] cheese - null
[2018-04-23T13:43:14.745] [DEBUG] cheese - null
[2018-04-23T13:43:14.753] [DEBUG] cheese - null
[2018-04-23T13:45:07.568] [DEBUG] cheese - null
[2018-04-23T13:45:07.575] [DEBUG] cheese - null
[2018-04-23T13:45:12.637] [DEBUG] cheese - null
[2018-04-23T13:45:12.640] [DEBUG] cheese - null
[2018-04-23T13:45:16.514] [DEBUG] cheese - null
[2018-04-23T13:45:16.521] [DEBUG] cheese - null
[2018-04-23T13:45:33.065] [DEBUG] cheese - null
[2018-04-23T13:45:33.069] [DEBUG] cheese - null
[2018-05-02T16:20:33.600] [DEBUG] cheese - null
[2018-05-02T16:20:43.000] [DEBUG] cheese - null
[2018-05-02T16:20:45.564] [DEBUG] cheese - null
[2018-05-02T16:20:45.567] [DEBUG] cheese - null
[2018-05-02T16:21:14.175] [DEBUG] cheese - null
[2018-05-02T16:21:14.178] [DEBUG] cheese - null
[2018-05-02T16:21:19.344] [DEBUG] cheese - null
[2018-05-02T16:21:19.346] [DEBUG] cheese - null
[2018-05-02T16:26:46.001] [DEBUG] cheese - null
[2018-05-02T16:26:46.420] [DEBUG] cheese - null
[2018-05-02T16:26:50.095] [DEBUG] cheese - null
[2018-05-02T16:27:24.226] [DEBUG] cheese - null
[2018-05-02T16:27:34.412] [DEBUG] cheese - null
[2018-05-02T16:27:35.602] [DEBUG] cheese - null
[2018-05-02T16:27:41.433] [DEBUG] cheese - null
[2018-05-04T00:53:40.021] [DEBUG] cheese - null
[2018-05-04T00:53:40.535] [DEBUG] cheese - null
[2018-05-04T00:53:53.178] [DEBUG] cheese - null
[2018-05-04T00:53:54.737] [DEBUG] cheese - null
[2018-05-04T00:54:05.398] [DEBUG] cheese - null
[2018-05-04T00:55:30.325] [DEBUG] cheese - null
[2018-05-04T00:55:37.194] [DEBUG] cheese - null
[2018-05-04T00:55:41.104] [DEBUG] cheese - null
[2018-05-04T00:55:42.988] [DEBUG] cheese - null
[2018-05-04T00:55:44.697] [DEBUG] cheese - null
[2018-05-04T01:01:47.755] [DEBUG] cheese - null
[2018-05-04T01:06:58.808] [DEBUG] cheese - null
[2018-08-04T22:00:20.934] [DEBUG] cheese - { Error: ER_BAD_FIELD_ERROR: Unknown column 'wx_open_id' in 'field list'
    at Query.Sequence._packetToError (C:\Users\YV\Desktop\shop2-server\shop2-server\node_modules\mysql\lib\protocol\sequences\Sequence.js:47:14)
    at Query.ErrorPacket (C:\Users\YV\Desktop\shop2-server\shop2-server\node_modules\mysql\lib\protocol\sequences\Query.js:77:18)
    at Protocol._parsePacket (C:\Users\YV\Desktop\shop2-server\shop2-server\node_modules\mysql\lib\protocol\Protocol.js:278:23)
    at Parser.write (C:\Users\YV\Desktop\shop2-server\shop2-server\node_modules\mysql\lib\protocol\Parser.js:76:12)
    at Protocol.write (C:\Users\YV\Desktop\shop2-server\shop2-server\node_modules\mysql\lib\protocol\Protocol.js:38:16)
    at Socket.<anonymous> (C:\Users\YV\Desktop\shop2-server\shop2-server\node_modules\mysql\lib\Connection.js:91:28)
    at Socket.<anonymous> (C:\Users\YV\Desktop\shop2-server\shop2-server\node_modules\mysql\lib\Connection.js:502:10)
    at emitOne (events.js:116:13)
    at Socket.emit (events.js:211:7)
    at addChunk (_stream_readable.js:263:12)
    at readableAddChunk (_stream_readable.js:250:11)
    at Socket.Readable.push (_stream_readable.js:208:10)
    at TCP.onread (net.js:594:20)
    --------------------
    at Protocol._enqueue (C:\Users\YV\Desktop\shop2-server\shop2-server\node_modules\mysql\lib\protocol\Protocol.js:144:48)
    at PoolConnection.query (C:\Users\YV\Desktop\shop2-server\shop2-server\node_modules\mysql\lib\Connection.js:200:25)
    at C:\Users\YV\Desktop\shop2-server\shop2-server\node_modules\orm\lib\Drivers\DML\mysql.js:231:9
    at Ping.onOperationComplete (C:\Users\YV\Desktop\shop2-server\shop2-server\node_modules\mysql\lib\Pool.js:110:5)
    at Ping.<anonymous> (C:\Users\YV\Desktop\shop2-server\shop2-server\node_modules\mysql\lib\Connection.js:502:10)
    at Ping._callback (C:\Users\YV\Desktop\shop2-server\shop2-server\node_modules\mysql\lib\Connection.js:468:16)
    at Ping.Sequence.end (C:\Users\YV\Desktop\shop2-server\shop2-server\node_modules\mysql\lib\protocol\sequences\Sequence.js:83:24)
    at Ping.Sequence.OkPacket (C:\Users\YV\Desktop\shop2-server\shop2-server\node_modules\mysql\lib\protocol\sequences\Sequence.js:92:8)
    at Protocol._parsePacket (C:\Users\YV\Desktop\shop2-server\shop2-server\node_modules\mysql\lib\protocol\Protocol.js:278:23)
    at Parser.write (C:\Users\YV\Desktop\shop2-server\shop2-server\node_modules\mysql\lib\protocol\Parser.js:76:12)
    at Protocol.write (C:\Users\YV\Desktop\shop2-server\shop2-server\node_modules\mysql\lib\protocol\Protocol.js:38:16)
    at Socket.<anonymous> (C:\Users\YV\Desktop\shop2-server\shop2-server\node_modules\mysql\lib\Connection.js:91:28)
    at Socket.<anonymous> (C:\Users\YV\Desktop\shop2-server\shop2-server\node_modules\mysql\lib\Connection.js:502:10)
    at emitOne (events.js:116:13)
    at Socket.emit (events.js:211:7)
    at addChunk (_stream_readable.js:263:12)
    at readableAddChunk (_stream_readable.js:250:11)
    at Socket.Readable.push (_stream_readable.js:208:10)
    at TCP.onread (net.js:594:20)
  code: 'ER_BAD_FIELD_ERROR',
  errno: 1054,
  sqlMessage: 'Unknown column \'wx_open_id\' in \'field list\'',
  sqlState: '42S22',
  index: 0,
  sql: 'SELECT `user_id`, `username`, `qq_open_id`, `password`, `user_email`, `user_email_code`, `is_active`, `user_sex`, `user_qq`, `user_tel`, `user_xueli`, `user_hobby`, `user_introduce`, `create_time`, `update_time`, `wx_open_id`, `wx_session_key`, `wx_union_id` FROM `sp_user` WHERE `wx_open_id` = \'o4GcF0WlkpuftedXs0n97cs_I_ro\' LIMIT 1' }
[2018-08-04T22:00:27.906] [DEBUG] cheese - { Error: ER_BAD_FIELD_ERROR: Unknown column 'wx_open_id' in 'field list'
    at Query.Sequence._packetToError (C:\Users\YV\Desktop\shop2-server\shop2-server\node_modules\mysql\lib\protocol\sequences\Sequence.js:47:14)
    at Query.ErrorPacket (C:\Users\YV\Desktop\shop2-server\shop2-server\node_modules\mysql\lib\protocol\sequences\Query.js:77:18)
    at Protocol._parsePacket (C:\Users\YV\Desktop\shop2-server\shop2-server\node_modules\mysql\lib\protocol\Protocol.js:278:23)
    at Parser.write (C:\Users\YV\Desktop\shop2-server\shop2-server\node_modules\mysql\lib\protocol\Parser.js:76:12)
    at Protocol.write (C:\Users\YV\Desktop\shop2-server\shop2-server\node_modules\mysql\lib\protocol\Protocol.js:38:16)
    at Socket.<anonymous> (C:\Users\YV\Desktop\shop2-server\shop2-server\node_modules\mysql\lib\Connection.js:91:28)
    at Socket.<anonymous> (C:\Users\YV\Desktop\shop2-server\shop2-server\node_modules\mysql\lib\Connection.js:502:10)
    at emitOne (events.js:116:13)
    at Socket.emit (events.js:211:7)
    at addChunk (_stream_readable.js:263:12)
    at readableAddChunk (_stream_readable.js:250:11)
    at Socket.Readable.push (_stream_readable.js:208:10)
    at TCP.onread (net.js:594:20)
    --------------------
    at Protocol._enqueue (C:\Users\YV\Desktop\shop2-server\shop2-server\node_modules\mysql\lib\protocol\Protocol.js:144:48)
    at PoolConnection.query (C:\Users\YV\Desktop\shop2-server\shop2-server\node_modules\mysql\lib\Connection.js:200:25)
    at C:\Users\YV\Desktop\shop2-server\shop2-server\node_modules\orm\lib\Drivers\DML\mysql.js:231:9
    at Ping.onOperationComplete (C:\Users\YV\Desktop\shop2-server\shop2-server\node_modules\mysql\lib\Pool.js:110:5)
    at Ping.<anonymous> (C:\Users\YV\Desktop\shop2-server\shop2-server\node_modules\mysql\lib\Connection.js:502:10)
    at Ping._callback (C:\Users\YV\Desktop\shop2-server\shop2-server\node_modules\mysql\lib\Connection.js:468:16)
    at Ping.Sequence.end (C:\Users\YV\Desktop\shop2-server\shop2-server\node_modules\mysql\lib\protocol\sequences\Sequence.js:83:24)
    at Ping.Sequence.OkPacket (C:\Users\YV\Desktop\shop2-server\shop2-server\node_modules\mysql\lib\protocol\sequences\Sequence.js:92:8)
    at Protocol._parsePacket (C:\Users\YV\Desktop\shop2-server\shop2-server\node_modules\mysql\lib\protocol\Protocol.js:278:23)
    at Parser.write (C:\Users\YV\Desktop\shop2-server\shop2-server\node_modules\mysql\lib\protocol\Parser.js:76:12)
    at Protocol.write (C:\Users\YV\Desktop\shop2-server\shop2-server\node_modules\mysql\lib\protocol\Protocol.js:38:16)
    at Socket.<anonymous> (C:\Users\YV\Desktop\shop2-server\shop2-server\node_modules\mysql\lib\Connection.js:91:28)
    at Socket.<anonymous> (C:\Users\YV\Desktop\shop2-server\shop2-server\node_modules\mysql\lib\Connection.js:502:10)
    at emitOne (events.js:116:13)
    at Socket.emit (events.js:211:7)
    at addChunk (_stream_readable.js:263:12)
    at readableAddChunk (_stream_readable.js:250:11)
    at Socket.Readable.push (_stream_readable.js:208:10)
    at TCP.onread (net.js:594:20)
  code: 'ER_BAD_FIELD_ERROR',
  errno: 1054,
  sqlMessage: 'Unknown column \'wx_open_id\' in \'field list\'',
  sqlState: '42S22',
  index: 0,
  sql: 'SELECT `user_id`, `username`, `qq_open_id`, `password`, `user_email`, `user_email_code`, `is_active`, `user_sex`, `user_qq`, `user_tel`, `user_xueli`, `user_hobby`, `user_introduce`, `create_time`, `update_time`, `wx_open_id`, `wx_session_key`, `wx_union_id` FROM `sp_user` WHERE `wx_open_id` = \'o4GcF0WlkpuftedXs0n97cs_I_ro\' LIMIT 1' }
[2018-08-04T22:08:48.662] [DEBUG] cheese - { Error: ER_BAD_FIELD_ERROR: Unknown column 'wx_open_id' in 'field list'
    at Query.Sequence._packetToError (C:\Users\YV\Desktop\shop2-server\shop2-server\node_modules\mysql\lib\protocol\sequences\Sequence.js:47:14)
    at Query.ErrorPacket (C:\Users\YV\Desktop\shop2-server\shop2-server\node_modules\mysql\lib\protocol\sequences\Query.js:77:18)
    at Protocol._parsePacket (C:\Users\YV\Desktop\shop2-server\shop2-server\node_modules\mysql\lib\protocol\Protocol.js:278:23)
    at Parser.write (C:\Users\YV\Desktop\shop2-server\shop2-server\node_modules\mysql\lib\protocol\Parser.js:76:12)
    at Protocol.write (C:\Users\YV\Desktop\shop2-server\shop2-server\node_modules\mysql\lib\protocol\Protocol.js:38:16)
    at Socket.<anonymous> (C:\Users\YV\Desktop\shop2-server\shop2-server\node_modules\mysql\lib\Connection.js:91:28)
    at Socket.<anonymous> (C:\Users\YV\Desktop\shop2-server\shop2-server\node_modules\mysql\lib\Connection.js:502:10)
    at emitOne (events.js:116:13)
    at Socket.emit (events.js:211:7)
    at addChunk (_stream_readable.js:263:12)
    at readableAddChunk (_stream_readable.js:250:11)
    at Socket.Readable.push (_stream_readable.js:208:10)
    at TCP.onread (net.js:594:20)
    --------------------
    at Protocol._enqueue (C:\Users\YV\Desktop\shop2-server\shop2-server\node_modules\mysql\lib\protocol\Protocol.js:144:48)
    at PoolConnection.query (C:\Users\YV\Desktop\shop2-server\shop2-server\node_modules\mysql\lib\Connection.js:200:25)
    at C:\Users\YV\Desktop\shop2-server\shop2-server\node_modules\orm\lib\Drivers\DML\mysql.js:231:9
    at Ping.onOperationComplete (C:\Users\YV\Desktop\shop2-server\shop2-server\node_modules\mysql\lib\Pool.js:110:5)
    at Ping.<anonymous> (C:\Users\YV\Desktop\shop2-server\shop2-server\node_modules\mysql\lib\Connection.js:502:10)
    at Ping._callback (C:\Users\YV\Desktop\shop2-server\shop2-server\node_modules\mysql\lib\Connection.js:468:16)
    at Ping.Sequence.end (C:\Users\YV\Desktop\shop2-server\shop2-server\node_modules\mysql\lib\protocol\sequences\Sequence.js:83:24)
    at Ping.Sequence.OkPacket (C:\Users\YV\Desktop\shop2-server\shop2-server\node_modules\mysql\lib\protocol\sequences\Sequence.js:92:8)
    at Protocol._parsePacket (C:\Users\YV\Desktop\shop2-server\shop2-server\node_modules\mysql\lib\protocol\Protocol.js:278:23)
    at Parser.write (C:\Users\YV\Desktop\shop2-server\shop2-server\node_modules\mysql\lib\protocol\Parser.js:76:12)
    at Protocol.write (C:\Users\YV\Desktop\shop2-server\shop2-server\node_modules\mysql\lib\protocol\Protocol.js:38:16)
    at Socket.<anonymous> (C:\Users\YV\Desktop\shop2-server\shop2-server\node_modules\mysql\lib\Connection.js:91:28)
    at Socket.<anonymous> (C:\Users\YV\Desktop\shop2-server\shop2-server\node_modules\mysql\lib\Connection.js:502:10)
    at emitOne (events.js:116:13)
    at Socket.emit (events.js:211:7)
    at addChunk (_stream_readable.js:263:12)
    at readableAddChunk (_stream_readable.js:250:11)
    at Socket.Readable.push (_stream_readable.js:208:10)
    at TCP.onread (net.js:594:20)
  code: 'ER_BAD_FIELD_ERROR',
  errno: 1054,
  sqlMessage: 'Unknown column \'wx_open_id\' in \'field list\'',
  sqlState: '42S22',
  index: 0,
  sql: 'SELECT `user_id`, `username`, `qq_open_id`, `password`, `user_email`, `user_email_code`, `is_active`, `user_sex`, `user_qq`, `user_tel`, `user_xueli`, `user_hobby`, `user_introduce`, `create_time`, `update_time`, `wx_open_id`, `wx_session_key`, `wx_union_id` FROM `sp_user` WHERE `wx_open_id` = \'o4GcF0WlkpuftedXs0n97cs_I_ro\' LIMIT 1' }
[2018-08-04T22:09:33.105] [DEBUG] cheese - { Error: ER_BAD_FIELD_ERROR: Unknown column 'wx_open_id' in 'field list'
    at Query.Sequence._packetToError (C:\Users\YV\Desktop\shop2-server\shop2-server\node_modules\mysql\lib\protocol\sequences\Sequence.js:47:14)
    at Query.ErrorPacket (C:\Users\YV\Desktop\shop2-server\shop2-server\node_modules\mysql\lib\protocol\sequences\Query.js:77:18)
    at Protocol._parsePacket (C:\Users\YV\Desktop\shop2-server\shop2-server\node_modules\mysql\lib\protocol\Protocol.js:278:23)
    at Parser.write (C:\Users\YV\Desktop\shop2-server\shop2-server\node_modules\mysql\lib\protocol\Parser.js:76:12)
    at Protocol.write (C:\Users\YV\Desktop\shop2-server\shop2-server\node_modules\mysql\lib\protocol\Protocol.js:38:16)
    at Socket.<anonymous> (C:\Users\YV\Desktop\shop2-server\shop2-server\node_modules\mysql\lib\Connection.js:91:28)
    at Socket.<anonymous> (C:\Users\YV\Desktop\shop2-server\shop2-server\node_modules\mysql\lib\Connection.js:502:10)
    at emitOne (events.js:116:13)
    at Socket.emit (events.js:211:7)
    at addChunk (_stream_readable.js:263:12)
    at readableAddChunk (_stream_readable.js:250:11)
    at Socket.Readable.push (_stream_readable.js:208:10)
    at TCP.onread (net.js:594:20)
    --------------------
    at Protocol._enqueue (C:\Users\YV\Desktop\shop2-server\shop2-server\node_modules\mysql\lib\protocol\Protocol.js:144:48)
    at PoolConnection.query (C:\Users\YV\Desktop\shop2-server\shop2-server\node_modules\mysql\lib\Connection.js:200:25)
    at C:\Users\YV\Desktop\shop2-server\shop2-server\node_modules\orm\lib\Drivers\DML\mysql.js:231:9
    at Ping.onOperationComplete (C:\Users\YV\Desktop\shop2-server\shop2-server\node_modules\mysql\lib\Pool.js:110:5)
    at Ping.<anonymous> (C:\Users\YV\Desktop\shop2-server\shop2-server\node_modules\mysql\lib\Connection.js:502:10)
    at Ping._callback (C:\Users\YV\Desktop\shop2-server\shop2-server\node_modules\mysql\lib\Connection.js:468:16)
    at Ping.Sequence.end (C:\Users\YV\Desktop\shop2-server\shop2-server\node_modules\mysql\lib\protocol\sequences\Sequence.js:83:24)
    at Ping.Sequence.OkPacket (C:\Users\YV\Desktop\shop2-server\shop2-server\node_modules\mysql\lib\protocol\sequences\Sequence.js:92:8)
    at Protocol._parsePacket (C:\Users\YV\Desktop\shop2-server\shop2-server\node_modules\mysql\lib\protocol\Protocol.js:278:23)
    at Parser.write (C:\Users\YV\Desktop\shop2-server\shop2-server\node_modules\mysql\lib\protocol\Parser.js:76:12)
    at Protocol.write (C:\Users\YV\Desktop\shop2-server\shop2-server\node_modules\mysql\lib\protocol\Protocol.js:38:16)
    at Socket.<anonymous> (C:\Users\YV\Desktop\shop2-server\shop2-server\node_modules\mysql\lib\Connection.js:91:28)
    at Socket.<anonymous> (C:\Users\YV\Desktop\shop2-server\shop2-server\node_modules\mysql\lib\Connection.js:502:10)
    at emitOne (events.js:116:13)
    at Socket.emit (events.js:211:7)
    at addChunk (_stream_readable.js:263:12)
    at readableAddChunk (_stream_readable.js:250:11)
    at Socket.Readable.push (_stream_readable.js:208:10)
    at TCP.onread (net.js:594:20)
  code: 'ER_BAD_FIELD_ERROR',
  errno: 1054,
  sqlMessage: 'Unknown column \'wx_open_id\' in \'field list\'',
  sqlState: '42S22',
  index: 0,
  sql: 'SELECT `user_id`, `username`, `qq_open_id`, `password`, `user_email`, `user_email_code`, `is_active`, `user_sex`, `user_qq`, `user_tel`, `user_xueli`, `user_hobby`, `user_introduce`, `create_time`, `update_time`, `wx_open_id`, `wx_session_key`, `wx_union_id` FROM `sp_user` WHERE `wx_open_id` = \'o4GcF0WlkpuftedXs0n97cs_I_ro\' LIMIT 1' }
[2018-08-04T22:10:00.603] [DEBUG] cheese - { Error: ER_BAD_FIELD_ERROR: Unknown column 'wx_open_id' in 'field list'
    at Query.Sequence._packetToError (C:\Users\YV\Desktop\shop2-server\shop2-server\node_modules\mysql\lib\protocol\sequences\Sequence.js:47:14)
    at Query.ErrorPacket (C:\Users\YV\Desktop\shop2-server\shop2-server\node_modules\mysql\lib\protocol\sequences\Query.js:77:18)
    at Protocol._parsePacket (C:\Users\YV\Desktop\shop2-server\shop2-server\node_modules\mysql\lib\protocol\Protocol.js:278:23)
    at Parser.write (C:\Users\YV\Desktop\shop2-server\shop2-server\node_modules\mysql\lib\protocol\Parser.js:76:12)
    at Protocol.write (C:\Users\YV\Desktop\shop2-server\shop2-server\node_modules\mysql\lib\protocol\Protocol.js:38:16)
    at Socket.<anonymous> (C:\Users\YV\Desktop\shop2-server\shop2-server\node_modules\mysql\lib\Connection.js:91:28)
    at Socket.<anonymous> (C:\Users\YV\Desktop\shop2-server\shop2-server\node_modules\mysql\lib\Connection.js:502:10)
    at emitOne (events.js:116:13)
    at Socket.emit (events.js:211:7)
    at addChunk (_stream_readable.js:263:12)
    at readableAddChunk (_stream_readable.js:250:11)
    at Socket.Readable.push (_stream_readable.js:208:10)
    at TCP.onread (net.js:594:20)
    --------------------
    at Protocol._enqueue (C:\Users\YV\Desktop\shop2-server\shop2-server\node_modules\mysql\lib\protocol\Protocol.js:144:48)
    at PoolConnection.query (C:\Users\YV\Desktop\shop2-server\shop2-server\node_modules\mysql\lib\Connection.js:200:25)
    at C:\Users\YV\Desktop\shop2-server\shop2-server\node_modules\orm\lib\Drivers\DML\mysql.js:231:9
    at Ping.onOperationComplete (C:\Users\YV\Desktop\shop2-server\shop2-server\node_modules\mysql\lib\Pool.js:110:5)
    at Ping.<anonymous> (C:\Users\YV\Desktop\shop2-server\shop2-server\node_modules\mysql\lib\Connection.js:502:10)
    at Ping._callback (C:\Users\YV\Desktop\shop2-server\shop2-server\node_modules\mysql\lib\Connection.js:468:16)
    at Ping.Sequence.end (C:\Users\YV\Desktop\shop2-server\shop2-server\node_modules\mysql\lib\protocol\sequences\Sequence.js:83:24)
    at Ping.Sequence.OkPacket (C:\Users\YV\Desktop\shop2-server\shop2-server\node_modules\mysql\lib\protocol\sequences\Sequence.js:92:8)
    at Protocol._parsePacket (C:\Users\YV\Desktop\shop2-server\shop2-server\node_modules\mysql\lib\protocol\Protocol.js:278:23)
    at Parser.write (C:\Users\YV\Desktop\shop2-server\shop2-server\node_modules\mysql\lib\protocol\Parser.js:76:12)
    at Protocol.write (C:\Users\YV\Desktop\shop2-server\shop2-server\node_modules\mysql\lib\protocol\Protocol.js:38:16)
    at Socket.<anonymous> (C:\Users\YV\Desktop\shop2-server\shop2-server\node_modules\mysql\lib\Connection.js:91:28)
    at Socket.<anonymous> (C:\Users\YV\Desktop\shop2-server\shop2-server\node_modules\mysql\lib\Connection.js:502:10)
    at emitOne (events.js:116:13)
    at Socket.emit (events.js:211:7)
    at addChunk (_stream_readable.js:263:12)
    at readableAddChunk (_stream_readable.js:250:11)
    at Socket.Readable.push (_stream_readable.js:208:10)
    at TCP.onread (net.js:594:20)
  code: 'ER_BAD_FIELD_ERROR',
  errno: 1054,
  sqlMessage: 'Unknown column \'wx_open_id\' in \'field list\'',
  sqlState: '42S22',
  index: 0,
  sql: 'SELECT `user_id`, `username`, `qq_open_id`, `password`, `user_email`, `user_email_code`, `is_active`, `user_sex`, `user_qq`, `user_tel`, `user_xueli`, `user_hobby`, `user_introduce`, `create_time`, `update_time`, `wx_open_id`, `wx_session_key`, `wx_union_id` FROM `sp_user` WHERE `wx_open_id` = \'o4GcF0WlkpuftedXs0n97cs_I_ro\' LIMIT 1' }
[2018-08-04T22:13:07.344] [DEBUG] cheese - { Error: ER_BAD_FIELD_ERROR: Unknown column 'wx_open_id' in 'field list'
    at Query.Sequence._packetToError (C:\Users\YV\Desktop\shop2-server\shop2-server\node_modules\mysql\lib\protocol\sequences\Sequence.js:47:14)
    at Query.ErrorPacket (C:\Users\YV\Desktop\shop2-server\shop2-server\node_modules\mysql\lib\protocol\sequences\Query.js:77:18)
    at Protocol._parsePacket (C:\Users\YV\Desktop\shop2-server\shop2-server\node_modules\mysql\lib\protocol\Protocol.js:278:23)
    at Parser.write (C:\Users\YV\Desktop\shop2-server\shop2-server\node_modules\mysql\lib\protocol\Parser.js:76:12)
    at Protocol.write (C:\Users\YV\Desktop\shop2-server\shop2-server\node_modules\mysql\lib\protocol\Protocol.js:38:16)
    at Socket.<anonymous> (C:\Users\YV\Desktop\shop2-server\shop2-server\node_modules\mysql\lib\Connection.js:91:28)
    at Socket.<anonymous> (C:\Users\YV\Desktop\shop2-server\shop2-server\node_modules\mysql\lib\Connection.js:502:10)
    at emitOne (events.js:116:13)
    at Socket.emit (events.js:211:7)
    at addChunk (_stream_readable.js:263:12)
    at readableAddChunk (_stream_readable.js:250:11)
    at Socket.Readable.push (_stream_readable.js:208:10)
    at TCP.onread (net.js:594:20)
    --------------------
    at Protocol._enqueue (C:\Users\YV\Desktop\shop2-server\shop2-server\node_modules\mysql\lib\protocol\Protocol.js:144:48)
    at PoolConnection.query (C:\Users\YV\Desktop\shop2-server\shop2-server\node_modules\mysql\lib\Connection.js:200:25)
    at C:\Users\YV\Desktop\shop2-server\shop2-server\node_modules\orm\lib\Drivers\DML\mysql.js:231:9
    at Ping.onOperationComplete (C:\Users\YV\Desktop\shop2-server\shop2-server\node_modules\mysql\lib\Pool.js:110:5)
    at Ping.<anonymous> (C:\Users\YV\Desktop\shop2-server\shop2-server\node_modules\mysql\lib\Connection.js:502:10)
    at Ping._callback (C:\Users\YV\Desktop\shop2-server\shop2-server\node_modules\mysql\lib\Connection.js:468:16)
    at Ping.Sequence.end (C:\Users\YV\Desktop\shop2-server\shop2-server\node_modules\mysql\lib\protocol\sequences\Sequence.js:83:24)
    at Ping.Sequence.OkPacket (C:\Users\YV\Desktop\shop2-server\shop2-server\node_modules\mysql\lib\protocol\sequences\Sequence.js:92:8)
    at Protocol._parsePacket (C:\Users\YV\Desktop\shop2-server\shop2-server\node_modules\mysql\lib\protocol\Protocol.js:278:23)
    at Parser.write (C:\Users\YV\Desktop\shop2-server\shop2-server\node_modules\mysql\lib\protocol\Parser.js:76:12)
    at Protocol.write (C:\Users\YV\Desktop\shop2-server\shop2-server\node_modules\mysql\lib\protocol\Protocol.js:38:16)
    at Socket.<anonymous> (C:\Users\YV\Desktop\shop2-server\shop2-server\node_modules\mysql\lib\Connection.js:91:28)
    at Socket.<anonymous> (C:\Users\YV\Desktop\shop2-server\shop2-server\node_modules\mysql\lib\Connection.js:502:10)
    at emitOne (events.js:116:13)
    at Socket.emit (events.js:211:7)
    at addChunk (_stream_readable.js:263:12)
    at readableAddChunk (_stream_readable.js:250:11)
    at Socket.Readable.push (_stream_readable.js:208:10)
    at TCP.onread (net.js:594:20)
  code: 'ER_BAD_FIELD_ERROR',
  errno: 1054,
  sqlMessage: 'Unknown column \'wx_open_id\' in \'field list\'',
  sqlState: '42S22',
  index: 0,
  sql: 'SELECT `user_id`, `username`, `qq_open_id`, `password`, `user_email`, `user_email_code`, `is_active`, `user_sex`, `user_qq`, `user_tel`, `user_xueli`, `user_hobby`, `user_introduce`, `create_time`, `update_time`, `wx_open_id`, `wx_session_key`, `wx_union_id` FROM `sp_user` WHERE `wx_open_id` = \'o4GcF0WlkpuftedXs0n97cs_I_ro\' LIMIT 1' }
[2018-08-04T22:14:31.122] [DEBUG] cheese - { Error: ER_BAD_FIELD_ERROR: Unknown column 'wx_open_id' in 'field list'
    at Query.Sequence._packetToError (C:\Users\YV\Desktop\shop2-server\shop2-server\node_modules\mysql\lib\protocol\sequences\Sequence.js:47:14)
    at Query.ErrorPacket (C:\Users\YV\Desktop\shop2-server\shop2-server\node_modules\mysql\lib\protocol\sequences\Query.js:77:18)
    at Protocol._parsePacket (C:\Users\YV\Desktop\shop2-server\shop2-server\node_modules\mysql\lib\protocol\Protocol.js:278:23)
    at Parser.write (C:\Users\YV\Desktop\shop2-server\shop2-server\node_modules\mysql\lib\protocol\Parser.js:76:12)
    at Protocol.write (C:\Users\YV\Desktop\shop2-server\shop2-server\node_modules\mysql\lib\protocol\Protocol.js:38:16)
    at Socket.<anonymous> (C:\Users\YV\Desktop\shop2-server\shop2-server\node_modules\mysql\lib\Connection.js:91:28)
    at Socket.<anonymous> (C:\Users\YV\Desktop\shop2-server\shop2-server\node_modules\mysql\lib\Connection.js:502:10)
    at emitOne (events.js:116:13)
    at Socket.emit (events.js:211:7)
    at addChunk (_stream_readable.js:263:12)
    at readableAddChunk (_stream_readable.js:250:11)
    at Socket.Readable.push (_stream_readable.js:208:10)
    at TCP.onread (net.js:594:20)
    --------------------
    at Protocol._enqueue (C:\Users\YV\Desktop\shop2-server\shop2-server\node_modules\mysql\lib\protocol\Protocol.js:144:48)
    at PoolConnection.query (C:\Users\YV\Desktop\shop2-server\shop2-server\node_modules\mysql\lib\Connection.js:200:25)
    at C:\Users\YV\Desktop\shop2-server\shop2-server\node_modules\orm\lib\Drivers\DML\mysql.js:231:9
    at Ping.onOperationComplete (C:\Users\YV\Desktop\shop2-server\shop2-server\node_modules\mysql\lib\Pool.js:110:5)
    at Ping.<anonymous> (C:\Users\YV\Desktop\shop2-server\shop2-server\node_modules\mysql\lib\Connection.js:502:10)
    at Ping._callback (C:\Users\YV\Desktop\shop2-server\shop2-server\node_modules\mysql\lib\Connection.js:468:16)
    at Ping.Sequence.end (C:\Users\YV\Desktop\shop2-server\shop2-server\node_modules\mysql\lib\protocol\sequences\Sequence.js:83:24)
    at Ping.Sequence.OkPacket (C:\Users\YV\Desktop\shop2-server\shop2-server\node_modules\mysql\lib\protocol\sequences\Sequence.js:92:8)
    at Protocol._parsePacket (C:\Users\YV\Desktop\shop2-server\shop2-server\node_modules\mysql\lib\protocol\Protocol.js:278:23)
    at Parser.write (C:\Users\YV\Desktop\shop2-server\shop2-server\node_modules\mysql\lib\protocol\Parser.js:76:12)
    at Protocol.write (C:\Users\YV\Desktop\shop2-server\shop2-server\node_modules\mysql\lib\protocol\Protocol.js:38:16)
    at Socket.<anonymous> (C:\Users\YV\Desktop\shop2-server\shop2-server\node_modules\mysql\lib\Connection.js:91:28)
    at Socket.<anonymous> (C:\Users\YV\Desktop\shop2-server\shop2-server\node_modules\mysql\lib\Connection.js:502:10)
    at emitOne (events.js:116:13)
    at Socket.emit (events.js:211:7)
    at addChunk (_stream_readable.js:263:12)
    at readableAddChunk (_stream_readable.js:250:11)
    at Socket.Readable.push (_stream_readable.js:208:10)
    at TCP.onread (net.js:594:20)
  code: 'ER_BAD_FIELD_ERROR',
  errno: 1054,
  sqlMessage: 'Unknown column \'wx_open_id\' in \'field list\'',
  sqlState: '42S22',
  index: 0,
  sql: 'SELECT `user_id`, `username`, `qq_open_id`, `password`, `user_email`, `user_email_code`, `is_active`, `user_sex`, `user_qq`, `user_tel`, `user_xueli`, `user_hobby`, `user_introduce`, `create_time`, `update_time`, `wx_open_id`, `wx_session_key`, `wx_union_id` FROM `sp_user` WHERE `wx_open_id` = \'o4GcF0WlkpuftedXs0n97cs_I_ro\' LIMIT 1' }
[2018-08-04T22:14:32.409] [DEBUG] cheese - { Error: ER_BAD_FIELD_ERROR: Unknown column 'wx_open_id' in 'field list'
    at Query.Sequence._packetToError (C:\Users\YV\Desktop\shop2-server\shop2-server\node_modules\mysql\lib\protocol\sequences\Sequence.js:47:14)
    at Query.ErrorPacket (C:\Users\YV\Desktop\shop2-server\shop2-server\node_modules\mysql\lib\protocol\sequences\Query.js:77:18)
    at Protocol._parsePacket (C:\Users\YV\Desktop\shop2-server\shop2-server\node_modules\mysql\lib\protocol\Protocol.js:278:23)
    at Parser.write (C:\Users\YV\Desktop\shop2-server\shop2-server\node_modules\mysql\lib\protocol\Parser.js:76:12)
    at Protocol.write (C:\Users\YV\Desktop\shop2-server\shop2-server\node_modules\mysql\lib\protocol\Protocol.js:38:16)
    at Socket.<anonymous> (C:\Users\YV\Desktop\shop2-server\shop2-server\node_modules\mysql\lib\Connection.js:91:28)
    at Socket.<anonymous> (C:\Users\YV\Desktop\shop2-server\shop2-server\node_modules\mysql\lib\Connection.js:502:10)
    at emitOne (events.js:116:13)
    at Socket.emit (events.js:211:7)
    at addChunk (_stream_readable.js:263:12)
    at readableAddChunk (_stream_readable.js:250:11)
    at Socket.Readable.push (_stream_readable.js:208:10)
    at TCP.onread (net.js:594:20)
    --------------------
    at Protocol._enqueue (C:\Users\YV\Desktop\shop2-server\shop2-server\node_modules\mysql\lib\protocol\Protocol.js:144:48)
    at PoolConnection.query (C:\Users\YV\Desktop\shop2-server\shop2-server\node_modules\mysql\lib\Connection.js:200:25)
    at C:\Users\YV\Desktop\shop2-server\shop2-server\node_modules\orm\lib\Drivers\DML\mysql.js:231:9
    at Ping.onOperationComplete (C:\Users\YV\Desktop\shop2-server\shop2-server\node_modules\mysql\lib\Pool.js:110:5)
    at Ping.<anonymous> (C:\Users\YV\Desktop\shop2-server\shop2-server\node_modules\mysql\lib\Connection.js:502:10)
    at Ping._callback (C:\Users\YV\Desktop\shop2-server\shop2-server\node_modules\mysql\lib\Connection.js:468:16)
    at Ping.Sequence.end (C:\Users\YV\Desktop\shop2-server\shop2-server\node_modules\mysql\lib\protocol\sequences\Sequence.js:83:24)
    at Ping.Sequence.OkPacket (C:\Users\YV\Desktop\shop2-server\shop2-server\node_modules\mysql\lib\protocol\sequences\Sequence.js:92:8)
    at Protocol._parsePacket (C:\Users\YV\Desktop\shop2-server\shop2-server\node_modules\mysql\lib\protocol\Protocol.js:278:23)
    at Parser.write (C:\Users\YV\Desktop\shop2-server\shop2-server\node_modules\mysql\lib\protocol\Parser.js:76:12)
    at Protocol.write (C:\Users\YV\Desktop\shop2-server\shop2-server\node_modules\mysql\lib\protocol\Protocol.js:38:16)
    at Socket.<anonymous> (C:\Users\YV\Desktop\shop2-server\shop2-server\node_modules\mysql\lib\Connection.js:91:28)
    at Socket.<anonymous> (C:\Users\YV\Desktop\shop2-server\shop2-server\node_modules\mysql\lib\Connection.js:502:10)
    at emitOne (events.js:116:13)
    at Socket.emit (events.js:211:7)
    at addChunk (_stream_readable.js:263:12)
    at readableAddChunk (_stream_readable.js:250:11)
    at Socket.Readable.push (_stream_readable.js:208:10)
    at TCP.onread (net.js:594:20)
  code: 'ER_BAD_FIELD_ERROR',
  errno: 1054,
  sqlMessage: 'Unknown column \'wx_open_id\' in \'field list\'',
  sqlState: '42S22',
  index: 0,
  sql: 'SELECT `user_id`, `username`, `qq_open_id`, `password`, `user_email`, `user_email_code`, `is_active`, `user_sex`, `user_qq`, `user_tel`, `user_xueli`, `user_hobby`, `user_introduce`, `create_time`, `update_time`, `wx_open_id`, `wx_session_key`, `wx_union_id` FROM `sp_user` WHERE `wx_open_id` = \'o4GcF0WlkpuftedXs0n97cs_I_ro\' LIMIT 1' }
[2018-08-04T22:19:13.643] [DEBUG] cheese - { Error: ER_BAD_FIELD_ERROR: Unknown column 'wx_open_id' in 'field list'
    at Query.Sequence._packetToError (C:\Users\YV\Desktop\shop2-server\shop2-server\node_modules\mysql\lib\protocol\sequences\Sequence.js:47:14)
    at Query.ErrorPacket (C:\Users\YV\Desktop\shop2-server\shop2-server\node_modules\mysql\lib\protocol\sequences\Query.js:77:18)
    at Protocol._parsePacket (C:\Users\YV\Desktop\shop2-server\shop2-server\node_modules\mysql\lib\protocol\Protocol.js:278:23)
    at Parser.write (C:\Users\YV\Desktop\shop2-server\shop2-server\node_modules\mysql\lib\protocol\Parser.js:76:12)
    at Protocol.write (C:\Users\YV\Desktop\shop2-server\shop2-server\node_modules\mysql\lib\protocol\Protocol.js:38:16)
    at Socket.<anonymous> (C:\Users\YV\Desktop\shop2-server\shop2-server\node_modules\mysql\lib\Connection.js:91:28)
    at Socket.<anonymous> (C:\Users\YV\Desktop\shop2-server\shop2-server\node_modules\mysql\lib\Connection.js:502:10)
    at emitOne (events.js:116:13)
    at Socket.emit (events.js:211:7)
    at addChunk (_stream_readable.js:263:12)
    at readableAddChunk (_stream_readable.js:250:11)
    at Socket.Readable.push (_stream_readable.js:208:10)
    at TCP.onread (net.js:594:20)
    --------------------
    at Protocol._enqueue (C:\Users\YV\Desktop\shop2-server\shop2-server\node_modules\mysql\lib\protocol\Protocol.js:144:48)
    at PoolConnection.query (C:\Users\YV\Desktop\shop2-server\shop2-server\node_modules\mysql\lib\Connection.js:200:25)
    at C:\Users\YV\Desktop\shop2-server\shop2-server\node_modules\orm\lib\Drivers\DML\mysql.js:231:9
    at Ping.onOperationComplete (C:\Users\YV\Desktop\shop2-server\shop2-server\node_modules\mysql\lib\Pool.js:110:5)
    at Ping.<anonymous> (C:\Users\YV\Desktop\shop2-server\shop2-server\node_modules\mysql\lib\Connection.js:502:10)
    at Ping._callback (C:\Users\YV\Desktop\shop2-server\shop2-server\node_modules\mysql\lib\Connection.js:468:16)
    at Ping.Sequence.end (C:\Users\YV\Desktop\shop2-server\shop2-server\node_modules\mysql\lib\protocol\sequences\Sequence.js:83:24)
    at Ping.Sequence.OkPacket (C:\Users\YV\Desktop\shop2-server\shop2-server\node_modules\mysql\lib\protocol\sequences\Sequence.js:92:8)
    at Protocol._parsePacket (C:\Users\YV\Desktop\shop2-server\shop2-server\node_modules\mysql\lib\protocol\Protocol.js:278:23)
    at Parser.write (C:\Users\YV\Desktop\shop2-server\shop2-server\node_modules\mysql\lib\protocol\Parser.js:76:12)
    at Protocol.write (C:\Users\YV\Desktop\shop2-server\shop2-server\node_modules\mysql\lib\protocol\Protocol.js:38:16)
    at Socket.<anonymous> (C:\Users\YV\Desktop\shop2-server\shop2-server\node_modules\mysql\lib\Connection.js:91:28)
    at Socket.<anonymous> (C:\Users\YV\Desktop\shop2-server\shop2-server\node_modules\mysql\lib\Connection.js:502:10)
    at emitOne (events.js:116:13)
    at Socket.emit (events.js:211:7)
    at addChunk (_stream_readable.js:263:12)
    at readableAddChunk (_stream_readable.js:250:11)
    at Socket.Readable.push (_stream_readable.js:208:10)
    at TCP.onread (net.js:594:20)
  code: 'ER_BAD_FIELD_ERROR',
  errno: 1054,
  sqlMessage: 'Unknown column \'wx_open_id\' in \'field list\'',
  sqlState: '42S22',
  index: 0,
  sql: 'SELECT `user_id`, `username`, `qq_open_id`, `password`, `user_email`, `user_email_code`, `is_active`, `user_sex`, `user_qq`, `user_tel`, `user_xueli`, `user_hobby`, `user_introduce`, `create_time`, `update_time`, `wx_open_id`, `wx_session_key`, `wx_union_id` FROM `sp_user` WHERE `wx_open_id` = \'o4GcF0WlkpuftedXs0n97cs_I_ro\' LIMIT 1' }
[2018-08-04T22:49:19.649] [DEBUG] cheese - null
[2018-08-04T23:54:16.477] [DEBUG] cheese - null
[2018-08-04T23:54:31.313] [DEBUG] cheese - null
[2018-08-05T00:20:06.114] [DEBUG] cheese - null
[2018-08-05T10:10:57.560] [DEBUG] cheese - null
[2018-08-05T10:19:57.613] [DEBUG] cheese - null
[2018-08-05T10:41:39.024] [DEBUG] cheese - null
[2018-08-05T10:43:24.713] [DEBUG] cheese - null
[2018-08-05T11:16:36.061] [DEBUG] cheese - null
[2018-08-05T11:21:00.719] [DEBUG] cheese - null
[2018-08-05T11:21:11.193] [DEBUG] cheese - null
[2018-08-05T11:21:37.046] [DEBUG] cheese - null
[2018-08-05T11:22:41.493] [DEBUG] cheese - null
[2018-08-05T11:23:08.374] [DEBUG] cheese - null
[2018-08-05T11:33:05.459] [DEBUG] cheese - null
[2018-08-05T11:33:57.977] [DEBUG] cheese - null
[2018-08-05T11:33:57.995] [DEBUG] cheese - null
[2018-08-05T11:33:57.998] [DEBUG] cheese - null
[2018-11-20T08:27:23.125] [DEBUG] cheese - null
[2018-11-24T10:23:23.138] [DEBUG] cheese - null
[2018-11-24T10:23:25.381] [DEBUG] cheese - null
[2018-11-24T10:23:47.252] [DEBUG] cheese - null
[2018-11-24T10:29:57.778] [DEBUG] cheese - null
[2018-11-24T10:30:30.271] [DEBUG] cheese - null
[2018-11-24T10:34:04.520] [DEBUG] cheese - null
[2018-11-24T10:34:50.629] [DEBUG] cheese - null
[2018-11-25T10:05:14.913] [DEBUG] cheese - null
[2018-11-25T12:35:20.457] [DEBUG] cheese - null
[2018-11-25T13:01:57.678] [DEBUG] cheese - null
[2018-11-25T13:03:18.224] [DEBUG] cheese - null
[2018-11-25T13:07:13.283] [DEBUG] cheese - null
[2018-11-25T13:09:04.907] [DEBUG] cheese - null
[2018-11-25T13:09:42.610] [DEBUG] cheese - null
[2018-11-25T13:09:45.574] [DEBUG] cheese - null
[2018-11-25T13:10:59.010] [DEBUG] cheese - null
[2018-11-25T13:10:59.048] [DEBUG] cheese - null
[2018-11-25T13:10:59.049] [DEBUG] cheese - null
[2018-11-25T13:11:31.304] [DEBUG] cheese - null
[2018-11-25T13:11:32.628] [DEBUG] cheese - null
[2018-11-25T13:11:32.675] [DEBUG] cheese - null
[2018-11-25T13:11:32.677] [DEBUG] cheese - null
[2018-11-25T13:14:02.406] [DEBUG] cheese - null
[2018-11-25T13:14:02.456] [DEBUG] cheese - null
[2018-11-25T13:14:02.458] [DEBUG] cheese - null
[2018-11-25T13:19:02.186] [DEBUG] cheese - null
[2018-11-25T13:19:02.234] [DEBUG] cheese - null
[2018-11-25T13:19:02.236] [DEBUG] cheese - null
[2018-11-25T13:21:22.235] [DEBUG] cheese - null
[2018-11-25T13:21:22.293] [DEBUG] cheese - null
[2018-11-25T13:21:22.296] [DEBUG] cheese - null
[2018-11-25T13:56:35.002] [DEBUG] cheese - null
[2018-11-25T13:56:35.048] [DEBUG] cheese - null
[2018-11-25T13:56:35.050] [DEBUG] cheese - null
[2018-11-25T14:00:45.509] [DEBUG] cheese - null
[2018-11-25T14:00:45.547] [DEBUG] cheese - null
[2018-11-25T14:00:45.549] [DEBUG] cheese - null
[2018-11-25T14:01:56.064] [DEBUG] cheese - null
[2018-11-25T14:01:58.985] [DEBUG] cheese - null
[2018-11-25T14:01:59.031] [DEBUG] cheese - null
[2018-11-25T14:01:59.033] [DEBUG] cheese - null
[2018-11-25T14:02:48.525] [DEBUG] cheese - null
[2018-11-25T14:02:53.157] [DEBUG] cheese - null
[2018-11-25T14:02:53.205] [DEBUG] cheese - null
[2018-11-25T14:02:53.207] [DEBUG] cheese - null
[2018-11-25T14:10:01.568] [DEBUG] cheese - null
[2018-11-25T14:10:01.616] [DEBUG] cheese - null
[2018-11-25T14:10:01.621] [DEBUG] cheese - null
[2018-11-25T14:22:06.726] [DEBUG] cheese - null
[2018-11-25T14:22:06.779] [DEBUG] cheese - null
[2018-11-25T14:22:06.781] [DEBUG] cheese - null
[2018-11-25T14:27:44.251] [DEBUG] cheese - null
[2018-11-25T14:27:58.268] [DEBUG] cheese - null
[2018-11-25T14:27:58.305] [DEBUG] cheese - null
[2018-11-25T14:27:58.308] [DEBUG] cheese - null
[2018-11-25T18:37:14.317] [DEBUG] cheese - null
[2018-11-25T18:50:45.125] [DEBUG] cheese - null
[2018-11-25T18:51:22.561] [DEBUG] cheese - null
[2018-11-25T18:55:37.403] [DEBUG] cheese - null
[2018-11-25T18:55:37.449] [DEBUG] cheese - null
[2018-11-25T18:55:37.452] [DEBUG] cheese - null
[2018-11-25T18:57:57.826] [DEBUG] cheese - null
[2018-11-25T18:57:57.827] [DEBUG] cheese - null
[2018-11-25T18:59:01.760] [DEBUG] cheese - null
[2018-11-25T18:59:01.764] [DEBUG] cheese - null
[2018-11-25T18:59:38.686] [DEBUG] cheese - null
[2018-11-25T18:59:38.692] [DEBUG] cheese - null
[2018-11-25T19:29:43.467] [DEBUG] cheese - null
[2018-11-25T20:21:00.416] [DEBUG] cheese - null
[2018-11-25T20:23:29.507] [DEBUG] cheese - null
[2018-11-25T20:23:33.830] [DEBUG] cheese - null
[2018-11-25T20:24:04.423] [DEBUG] cheese - null
[2018-11-25T20:24:04.430] [DEBUG] cheese - null
[2018-11-25T21:14:17.021] [DEBUG] cheese - null
[2018-11-25T21:14:17.069] [DEBUG] cheese - null
[2018-11-25T21:14:17.071] [DEBUG] cheese - null
[2018-11-25T21:15:11.488] [DEBUG] cheese - null
[2018-11-25T21:15:11.535] [DEBUG] cheese - null
[2018-11-25T21:15:11.538] [DEBUG] cheese - null
[2018-11-25T21:24:40.942] [DEBUG] cheese - null
[2018-11-25T21:24:40.988] [DEBUG] cheese - null
[2018-11-25T21:24:40.990] [DEBUG] cheese - null
[2018-11-25T21:24:41.290] [DEBUG] cheese - null
[2018-11-25T21:24:41.292] [DEBUG] cheese - null
[2018-11-25T21:25:12.109] [DEBUG] cheese - null
[2018-11-25T21:25:12.156] [DEBUG] cheese - null
[2018-11-25T21:25:12.158] [DEBUG] cheese - null
[2018-11-25T21:25:28.967] [DEBUG] cheese - null
[2018-11-25T21:25:28.969] [DEBUG] cheese - null
[2018-11-25T21:54:52.773] [DEBUG] cheese - null
[2018-11-25T21:54:52.820] [DEBUG] cheese - null
[2018-11-25T21:54:52.823] [DEBUG] cheese - null
[2018-11-25T21:55:12.346] [DEBUG] cheese - null
[2018-11-25T21:55:12.348] [DEBUG] cheese - null
[2018-11-25T21:55:56.700] [DEBUG] cheese - null
[2018-11-25T21:55:56.749] [DEBUG] cheese - null
[2018-11-25T21:55:56.750] [DEBUG] cheese - null
[2018-11-25T21:56:02.057] [DEBUG] cheese - null
[2018-11-25T21:56:02.101] [DEBUG] cheese - null
[2018-11-25T21:56:02.103] [DEBUG] cheese - null
[2018-11-25T21:59:35.907] [DEBUG] cheese - null
[2018-11-25T21:59:35.955] [DEBUG] cheese - null
[2018-11-25T21:59:35.958] [DEBUG] cheese - null
[2019-01-09T23:25:52.793] [DEBUG] cheese - null
[2019-01-09T23:29:13.754] [DEBUG] cheese - null
[2019-01-09T23:32:00.434] [DEBUG] cheese - null
[2019-01-09T23:32:14.213] [DEBUG] cheese - null
[2019-01-09T23:32:15.907] [DEBUG] cheese - null
[2019-01-09T23:32:47.302] [DEBUG] cheese - null
[2019-01-09T23:32:48.435] [DEBUG] cheese - null
[2019-01-09T23:33:15.317] [DEBUG] cheese - null
[2019-01-09T23:52:07.277] [DEBUG] cheese - null
[2019-01-10T22:16:53.706] [DEBUG] cheese - null
[2019-01-10T22:17:01.660] [DEBUG] cheese - null
[2019-01-10T22:17:01.729] [DEBUG] cheese - null
[2019-01-10T22:17:01.731] [DEBUG] cheese - null
[2019-01-10T22:17:09.367] [DEBUG] cheese - null
[2019-01-10T22:17:09.417] [DEBUG] cheese - null
[2019-01-10T22:17:09.419] [DEBUG] cheese - null
[2019-01-10T22:17:10.419] [DEBUG] cheese - null
[2019-01-10T22:17:10.470] [DEBUG] cheese - null
[2019-01-10T22:17:10.472] [DEBUG] cheese - null
[2019-01-10T22:17:10.718] [DEBUG] cheese - null
[2019-01-10T22:17:10.770] [DEBUG] cheese - null
[2019-01-10T22:17:10.771] [DEBUG] cheese - null
[2019-01-10T22:17:15.953] [DEBUG] cheese - null
[2019-01-10T22:17:16.005] [DEBUG] cheese - null
[2019-01-10T22:17:16.007] [DEBUG] cheese - null
[2019-01-10T22:17:26.271] [DEBUG] cheese - null
[2019-01-10T22:17:26.320] [DEBUG] cheese - null
[2019-01-10T22:17:26.322] [DEBUG] cheese - null
[2019-01-10T22:37:10.509] [DEBUG] cheese - null
[2019-01-10T22:37:10.571] [DEBUG] cheese - null
[2019-01-10T22:37:10.574] [DEBUG] cheese - null
[2019-01-15T00:40:09.984] [DEBUG] cheese - null
[2019-01-15T00:47:53.564] [DEBUG] cheese - null
[2019-01-15T00:49:53.008] [DEBUG] cheese - null
[2019-01-15T00:51:02.151] [DEBUG] cheese - null
[2019-01-15T00:51:04.195] [DEBUG] cheese - null
[2019-01-15T00:51:05.632] [DEBUG] cheese - null
[2019-01-15T00:51:07.206] [DEBUG] cheese - null
[2019-01-15T00:51:08.637] [DEBUG] cheese - null
[2019-01-15T00:57:17.748] [DEBUG] cheese - null
[2019-01-15T00:57:27.982] [DEBUG] cheese - null
[2019-01-15T01:02:39.554] [DEBUG] cheese - null
[2019-01-15T01:45:06.602] [DEBUG] cheese - null
[2019-01-15T01:45:32.523] [DEBUG] cheese - null
[2019-01-15T01:46:40.016] [DEBUG] cheese - null
[2019-01-15T01:50:03.796] [DEBUG] cheese - null
[2019-01-15T01:51:10.869] [DEBUG] cheese - null
[2019-01-15T01:55:03.569] [DEBUG] cheese - null
[2019-01-15T01:57:27.877] [DEBUG] cheese - null
[2019-01-15T01:57:27.948] [DEBUG] cheese - null
[2019-01-15T01:57:27.951] [DEBUG] cheese - null
[2019-01-15T02:04:38.592] [DEBUG] cheese - null
[2019-01-15T02:04:45.761] [DEBUG] cheese - null
[2019-01-15T02:04:45.765] [DEBUG] cheese - null
[2019-01-15T02:17:25.604] [DEBUG] cheese - null
[2019-01-15T02:17:25.688] [DEBUG] cheese - null
[2019-01-15T02:17:25.691] [DEBUG] cheese - null
[2019-01-15T02:18:25.653] [DEBUG] cheese - null
[2019-01-15T02:18:25.708] [DEBUG] cheese - null
[2019-01-15T02:18:25.710] [DEBUG] cheese - null
[2019-01-15T02:19:05.924] [DEBUG] cheese - null
[2019-01-15T02:19:05.979] [DEBUG] cheese - null
[2019-01-15T02:19:05.982] [DEBUG] cheese - null
[2019-01-15T02:20:13.613] [DEBUG] cheese - null
[2019-01-15T02:20:13.672] [DEBUG] cheese - null
[2019-01-15T02:20:13.674] [DEBUG] cheese - null
[2019-01-15T02:26:19.837] [DEBUG] cheese - null
[2019-01-15T02:26:19.892] [DEBUG] cheese - null
[2019-01-15T02:26:19.894] [DEBUG] cheese - null
[2019-01-15T02:26:45.647] [DEBUG] cheese - null
[2019-01-15T02:26:45.649] [DEBUG] cheese - null
[2019-01-15T02:27:38.036] [DEBUG] cheese - null
[2019-01-15T02:27:38.090] [DEBUG] cheese - null
[2019-01-15T02:27:38.092] [DEBUG] cheese - null
[2019-01-15T02:27:54.708] [DEBUG] cheese - null
[2019-01-15T02:27:54.709] [DEBUG] cheese - null
[2019-01-15T12:23:08.548] [DEBUG] cheese - null
[2019-01-15T12:25:31.118] [DEBUG] cheese - null
[2019-01-15T12:30:46.523] [DEBUG] cheese - null
[2019-01-15T12:31:51.311] [DEBUG] cheese - null
[2019-01-15T12:31:53.540] [DEBUG] cheese - null
[2019-01-15T12:31:55.330] [DEBUG] cheese - null
[2019-01-15T12:32:01.802] [DEBUG] cheese - null
[2019-01-15T12:32:02.929] [DEBUG] cheese - null
[2019-01-15T12:32:29.457] [DEBUG] cheese - null
[2019-01-15T12:32:32.391] [DEBUG] cheese - null
[2019-01-15T20:37:57.127] [DEBUG] cheese - null
[2019-01-15T20:37:57.183] [DEBUG] cheese - null
[2019-01-15T20:38:40.955] [DEBUG] cheese - null
[2019-01-15T20:38:43.060] [DEBUG] cheese - null
[2019-01-15T20:38:43.111] [DEBUG] cheese - null
[2019-01-15T20:38:43.114] [DEBUG] cheese - null
[2019-01-15T20:39:08.520] [DEBUG] cheese - null
[2019-01-15T20:39:08.523] [DEBUG] cheese - null
[2019-01-15T20:42:15.495] [DEBUG] cheese - null
[2019-01-15T20:42:15.551] [DEBUG] cheese - null
[2019-01-15T20:42:15.554] [DEBUG] cheese - null
[2019-01-15T20:42:19.375] [DEBUG] cheese - null
[2019-01-15T20:42:19.429] [DEBUG] cheese - null
[2019-01-15T20:42:19.431] [DEBUG] cheese - null
[2019-01-15T20:44:55.318] [DEBUG] cheese - null
[2019-01-15T20:44:55.381] [DEBUG] cheese - null
[2019-01-15T20:44:55.383] [DEBUG] cheese - null
[2019-01-15T20:45:14.654] [DEBUG] cheese - null
[2019-01-15T20:45:14.656] [DEBUG] cheese - null
[2019-01-15T20:45:43.356] [DEBUG] cheese - null
[2019-01-15T20:45:43.441] [DEBUG] cheese - null
[2019-01-15T20:45:43.443] [DEBUG] cheese - null
[2019-01-15T20:45:59.327] [DEBUG] cheese - null
[2019-01-15T20:45:59.330] [DEBUG] cheese - null
[2019-01-15T22:10:37.652] [DEBUG] cheese - null
[2019-01-15T22:10:37.714] [DEBUG] cheese - null
[2019-01-15T22:10:37.717] [DEBUG] cheese - null
[2019-01-15T22:10:56.614] [DEBUG] cheese - null
[2019-01-15T22:10:56.617] [DEBUG] cheese - null
[2019-01-15T22:13:24.164] [DEBUG] cheese - null
[2019-01-15T22:13:24.232] [DEBUG] cheese - null
[2019-01-15T22:13:24.235] [DEBUG] cheese - null
[2019-01-16T08:37:09.892] [DEBUG] cheese - null
[2019-01-16T08:37:26.033] [DEBUG] cheese - null
[2019-01-16T08:37:26.094] [DEBUG] cheese - null
[2019-01-16T08:37:26.103] [DEBUG] cheese - null
[2019-01-16T08:38:00.608] [DEBUG] cheese - null
[2019-01-16T08:38:00.615] [DEBUG] cheese - null
[2019-01-16T08:39:40.842] [DEBUG] cheese - null
[2019-01-16T08:39:40.906] [DEBUG] cheese - null
[2019-01-16T08:39:40.911] [DEBUG] cheese - null
[2019-01-16T08:42:44.582] [DEBUG] cheese - null
[2019-01-16T08:44:54.624] [DEBUG] cheese - null
[2019-01-16T08:44:56.279] [DEBUG] cheese - null
[2019-01-16T08:44:57.504] [DEBUG] cheese - null
[2019-01-16T08:45:00.719] [DEBUG] cheese - null
[2019-01-16T08:45:34.720] [DEBUG] cheese - null
[2019-01-16T08:46:38.121] [DEBUG] cheese - null
[2019-01-16T08:48:06.026] [DEBUG] cheese - null
[2019-01-16T08:48:59.536] [DEBUG] cheese - null
[2019-01-16T08:50:37.737] [DEBUG] cheese - null
[2019-01-16T09:40:23.342] [DEBUG] cheese - null
[2019-01-16T09:40:23.416] [DEBUG] cheese - null
[2019-01-16T09:40:23.419] [DEBUG] cheese - null
[2019-01-16T09:50:16.795] [DEBUG] cheese - null
[2019-01-16T09:50:29.214] [DEBUG] cheese - null
[2019-01-16T09:50:29.284] [DEBUG] cheese - null
[2019-01-16T09:50:29.288] [DEBUG] cheese - null
[2019-01-16T09:51:40.922] [DEBUG] cheese - null
[2019-01-16T09:51:40.985] [DEBUG] cheese - null
[2019-01-16T09:51:40.989] [DEBUG] cheese - null
[2019-01-16T09:55:10.634] [DEBUG] cheese - null
[2019-01-16T09:55:10.719] [DEBUG] cheese - null
[2019-01-16T09:55:10.732] [DEBUG] cheese - null
[2019-01-16T09:56:21.023] [DEBUG] cheese - null
[2019-01-16T09:56:21.081] [DEBUG] cheese - null
[2019-01-16T09:56:21.090] [DEBUG] cheese - null
[2019-01-16T09:59:29.242] [DEBUG] cheese - null
[2019-01-16T09:59:29.309] [DEBUG] cheese - null
[2019-01-16T09:59:29.324] [DEBUG] cheese - null
[2019-01-16T09:59:54.375] [DEBUG] cheese - null
[2019-01-16T09:59:54.385] [DEBUG] cheese - null
[2019-01-16T10:00:16.915] [DEBUG] cheese - null
[2019-01-16T10:00:16.993] [DEBUG] cheese - null
[2019-01-16T10:00:17.000] [DEBUG] cheese - null
[2019-01-16T10:04:02.751] [DEBUG] cheese - null
[2019-01-16T10:04:02.807] [DEBUG] cheese - null
[2019-01-16T10:04:02.814] [DEBUG] cheese - null
[2019-01-16T10:04:21.595] [DEBUG] cheese - null
[2019-01-16T10:04:21.598] [DEBUG] cheese - null
[2019-01-16T10:09:53.527] [DEBUG] cheese - null
[2019-01-16T10:09:53.725] [DEBUG] cheese - null
[2019-01-16T10:09:53.743] [DEBUG] cheese - null
[2019-01-16T10:10:12.680] [DEBUG] cheese - null
[2019-01-16T10:10:12.683] [DEBUG] cheese - null
[2019-01-16T10:50:03.842] [DEBUG] cheese - null
[2019-01-16T10:50:03.913] [DEBUG] cheese - null
[2019-01-16T10:50:03.924] [DEBUG] cheese - null
[2019-01-16T10:53:52.448] [DEBUG] cheese - null
[2019-01-16T10:53:52.525] [DEBUG] cheese - null
[2019-01-16T10:53:52.537] [DEBUG] cheese - null
[2019-01-16T11:06:13.233] [DEBUG] cheese - null
[2019-01-16T11:07:15.357] [DEBUG] cheese - null
[2019-01-16T11:33:18.062] [DEBUG] cheese - null
[2019-01-16T11:40:49.682] [DEBUG] cheese - null
[2019-01-16T11:41:58.477] [DEBUG] cheese - null
[2019-01-17T12:28:23.741] [DEBUG] cheese - null
[2019-01-17T12:28:38.855] [DEBUG] cheese - null
[2019-01-17T12:28:38.942] [DEBUG] cheese - null
[2019-01-17T12:28:38.947] [DEBUG] cheese - null
[2019-01-17T12:29:41.129] [DEBUG] cheese - null
[2019-01-17T12:29:41.135] [DEBUG] cheese - null
[2019-01-17T12:31:01.348] [DEBUG] cheese - null
[2019-01-23T11:36:33.970] [DEBUG] cheese - null
[2019-01-23T11:40:30.669] [DEBUG] cheese - null
[2019-01-23T11:41:38.623] [DEBUG] cheese - null
[2019-01-23T11:43:12.785] [DEBUG] cheese - null
[2019-01-23T11:44:16.576] [DEBUG] cheese - null
[2019-01-23T11:50:02.150] [DEBUG] cheese - null
[2019-01-23T12:18:33.465] [DEBUG] cheese - null
[2019-01-23T12:22:59.118] [DEBUG] cheese - null
[2019-01-23T12:25:05.654] [DEBUG] cheese - null
[2019-01-23T12:25:05.726] [DEBUG] cheese - null
[2019-01-23T12:25:05.734] [DEBUG] cheese - null
[2019-01-23T19:32:15.943] [DEBUG] cheese - null
[2019-01-23T20:04:38.868] [DEBUG] cheese - null
[2019-01-23T20:20:58.878] [DEBUG] cheese - null
[2019-01-23T20:23:11.025] [DEBUG] cheese - null
